# JRE version: Java(TM) SE Runtime Environment (8.0_152-b16) (build 1.8.0_152-b16)
# Java VM: Java HotSpot(TM) 64-Bit Server VM (25.152-b16 mixed mode windows-amd64 compressed oops)
Heap:
 PSYoungGen      total 132608K, used 83475K [0x000000076b780000, 0x0000000775100000, 0x00000007c0000000)
  eden space 117760K, 58% used [0x000000076b780000,0x000000076fa87b90,0x0000000772a80000)
  from space 14848K, 99% used [0x0000000773b80000,0x00000007749fd140,0x0000000774a00000)
  to   space 17408K, 0% used [0x0000000772a80000,0x0000000772a80000,0x0000000773b80000)
 ParOldGen       total 103936K, used 22294K [0x00000006c2600000, 0x00000006c8b80000, 0x000000076b780000)
  object space 103936K, 21% used [0x00000006c2600000,0x00000006c3bc5868,0x00000006c8b80000)
 Metaspace       used 47485K, capacity 49660K, committed 49920K, reserved 1091584K
  class space    used 6402K, capacity 6821K, committed 6912K, reserved 1048576K
GC Heap History (10 events):
Event: 4.412 GC heap before
{Heap before GC invocations=12 (full 2):
 PSYoungGen      total 108032K, used 95744K [0x000000076b780000, 0x0000000773000000, 0x00000007c0000000)
  eden space 95744K, 100% used [0x000000076b780000,0x0000000771500000,0x0000000771500000)
  from space 12288K, 0% used [0x0000000771500000,0x0000000771500000,0x0000000772100000)
  to   space 12288K, 0% used [0x0000000772100000,0x0000000772100000,0x0000000772d00000)
 ParOldGen       total 103936K, used 20241K [0x00000006c2600000, 0x00000006c8b80000, 0x000000076b780000)
  object space 103936K, 19% used [0x00000006c2600000,0x00000006c39c45f0,0x00000006c8b80000)
 Metaspace       used 37402K, capacity 38844K, committed 38912K, reserved 1083392K
  class space    used 5017K, capacity 5350K, committed 5376K, reserved 1048576K
Event: 4.415 GC heap after
Heap after GC invocations=12 (full 2):
 PSYoungGen      total 108032K, used 6468K [0x000000076b780000, 0x0000000773000000, 0x00000007c0000000)
  eden space 95744K, 0% used [0x000000076b780000,0x000000076b780000,0x0000000771500000)
  from space 12288K, 52% used [0x0000000772100000,0x00000007727511d8,0x0000000772d00000)
  to   space 12288K, 0% used [0x0000000771500000,0x0000000771500000,0x0000000772100000)
 ParOldGen       total 103936K, used 20249K [0x00000006c2600000, 0x00000006c8b80000, 0x000000076b780000)
  object space 103936K, 19% used [0x00000006c2600000,0x00000006c39c65f0,0x00000006c8b80000)
 Metaspace       used 37402K, capacity 38844K, committed 38912K, reserved 1083392K
  class space    used 5017K, capacity 5350K, committed 5376K, reserved 1048576K
}
Event: 4.679 GC heap before
{Heap before GC invocations=13 (full 2):
 PSYoungGen      total 108032K, used 102212K [0x000000076b780000, 0x0000000773000000, 0x00000007c0000000)
  eden space 95744K, 100% used [0x000000076b780000,0x0000000771500000,0x0000000771500000)
  from space 12288K, 52% used [0x0000000772100000,0x00000007727511d8,0x0000000772d00000)
  to   space 12288K, 0% used [0x0000000771500000,0x0000000771500000,0x0000000772100000)
 ParOldGen       total 103936K, used 20249K [0x00000006c2600000, 0x00000006c8b80000, 0x000000076b780000)
  object space 103936K, 19% used [0x00000006c2600000,0x00000006c39c65f0,0x00000006c8b80000)
 Metaspace       used 38813K, capacity 40508K, committed 40704K, reserved 1085440K
  class space    used 5230K, capacity 5586K, committed 5632K, reserved 1048576K
Event: 4.682 GC heap after
Heap after GC invocations=13 (full 2):
 PSYoungGen      total 108032K, used 7799K [0x000000076b780000, 0x0000000773000000, 0x00000007c0000000)
  eden space 95744K, 0% used [0x000000076b780000,0x000000076b780000,0x0000000771500000)
  from space 12288K, 63% used [0x0000000771500000,0x0000000771c9dc98,0x0000000772100000)
  to   space 12288K, 0% used [0x0000000772100000,0x0000000772100000,0x0000000772d00000)
 ParOldGen       total 103936K, used 20257K [0x00000006c2600000, 0x00000006c8b80000, 0x000000076b780000)
  object space 103936K, 19% used [0x00000006c2600000,0x00000006c39c85f0,0x00000006c8b80000)
 Metaspace       used 38813K, capacity 40508K, committed 40704K, reserved 1085440K
  class space    used 5230K, capacity 5586K, committed 5632K, reserved 1048576K
}
Event: 4.914 GC heap before
{Heap before GC invocations=14 (full 2):
 PSYoungGen      total 108032K, used 103543K [0x000000076b780000, 0x0000000773000000, 0x00000007c0000000)
  eden space 95744K, 100% used [0x000000076b780000,0x0000000771500000,0x0000000771500000)
  from space 12288K, 63% used [0x0000000771500000,0x0000000771c9dc98,0x0000000772100000)
  to   space 12288K, 0% used [0x0000000772100000,0x0000000772100000,0x0000000772d00000)
 ParOldGen       total 103936K, used 20257K [0x00000006c2600000, 0x00000006c8b80000, 0x000000076b780000)
  object space 103936K, 19% used [0x00000006c2600000,0x00000006c39c85f0,0x00000006c8b80000)
 Metaspace       used 39853K, capacity 41694K, committed 41856K, reserved 1085440K
  class space    used 5382K, capacity 5756K, committed 5760K, reserved 1048576K
Event: 4.917 GC heap after
Heap after GC invocations=14 (full 2):
 PSYoungGen      total 108032K, used 9965K [0x000000076b780000, 0x0000000773000000, 0x00000007c0000000)
  eden space 95744K, 0% used [0x000000076b780000,0x000000076b780000,0x0000000771500000)
  from space 12288K, 81% used [0x0000000772100000,0x0000000772abb718,0x0000000772d00000)
  to   space 12288K, 0% used [0x0000000771500000,0x0000000771500000,0x0000000772100000)
 ParOldGen       total 103936K, used 20265K [0x00000006c2600000, 0x00000006c8b80000, 0x000000076b780000)
  object space 103936K, 19% used [0x00000006c2600000,0x00000006c39ca5f0,0x00000006c8b80000)
 Metaspace       used 39853K, capacity 41694K, committed 41856K, reserved 1085440K
  class space    used 5382K, capacity 5756K, committed 5760K, reserved 1048576K
}
Event: 6.182 GC heap before
{Heap before GC invocations=15 (full 2):
 PSYoungGen      total 108032K, used 105709K [0x000000076b780000, 0x0000000773000000, 0x00000007c0000000)
  eden space 95744K, 100% used [0x000000076b780000,0x0000000771500000,0x0000000771500000)
  from space 12288K, 81% used [0x0000000772100000,0x0000000772abb718,0x0000000772d00000)
  to   space 12288K, 0% used [0x0000000771500000,0x0000000771500000,0x0000000772100000)
 ParOldGen       total 103936K, used 20265K [0x00000006c2600000, 0x00000006c8b80000, 0x000000076b780000)
  object space 103936K, 19% used [0x00000006c2600000,0x00000006c39ca5f0,0x00000006c8b80000)
 Metaspace       used 40674K, capacity 42648K, committed 42880K, reserved 1085440K
  class space    used 5501K, capacity 5905K, committed 6016K, reserved 1048576K
Event: 6.187 GC heap after
Heap after GC invocations=15 (full 2):
 PSYoungGen      total 108032K, used 12224K [0x000000076b780000, 0x0000000774a00000, 0x00000007c0000000)
  eden space 95744K, 0% used [0x000000076b780000,0x000000076b780000,0x0000000771500000)
  from space 12288K, 99% used [0x0000000771500000,0x00000007720f0010,0x0000000772100000)
  to   space 14848K, 0% used [0x0000000773b80000,0x0000000773b80000,0x0000000774a00000)
 ParOldGen       total 103936K, used 20273K [0x00000006c2600000, 0x00000006c8b80000, 0x000000076b780000)
  object space 103936K, 19% used [0x00000006c2600000,0x00000006c39cc5f0,0x00000006c8b80000)
 Metaspace       used 40674K, capacity 42648K, committed 42880K, reserved 1085440K
  class space    used 5501K, capacity 5905K, committed 6016K, reserved 1048576K
}
Event: 6.520 GC heap before
{Heap before GC invocations=16 (full 2):
 PSYoungGen      total 108032K, used 107968K [0x000000076b780000, 0x0000000774a00000, 0x00000007c0000000)
  eden space 95744K, 100% used [0x000000076b780000,0x0000000771500000,0x0000000771500000)
  from space 12288K, 99% used [0x0000000771500000,0x00000007720f0010,0x0000000772100000)
  to   space 14848K, 0% used [0x0000000773b80000,0x0000000773b80000,0x0000000774a00000)
 ParOldGen       total 103936K, used 20273K [0x00000006c2600000, 0x00000006c8b80000, 0x000000076b780000)
  object space 103936K, 19% used [0x00000006c2600000,0x00000006c39cc5f0,0x00000006c8b80000)
 Metaspace       used 44277K, capacity 46418K, committed 46720K, reserved 1089536K
  class space    used 6022K, capacity 6452K, committed 6528K, reserved 1048576K
Event: 6.527 GC heap after
Heap after GC invocations=16 (full 2):
 PSYoungGen      total 132608K, used 14836K [0x000000076b780000, 0x0000000775100000, 0x00000007c0000000)
  eden space 117760K, 0% used [0x000000076b780000,0x000000076b780000,0x0000000772a80000)
  from space 14848K, 99% used [0x0000000773b80000,0x00000007749fd140,0x0000000774a00000)
  to   space 17408K, 0% used [0x0000000772a80000,0x0000000772a80000,0x0000000773b80000)
 ParOldGen       total 103936K, used 22294K [0x00000006c2600000, 0x00000006c8b80000, 0x000000076b780000)
  object space 103936K, 21% used [0x00000006c2600000,0x00000006c3bc5868,0x00000006c8b80000)
 Metaspace       used 44277K, capacity 46418K, committed 46720K, reserved 1089536K
  class space    used 6022K, capacity 6452K, committed 6528K, reserved 1048576K
}

