# JRE version: Java(TM) SE Runtime Environment (8.0_152-b16) (build 1.8.0_152-b16)
# Java VM: Java HotSpot(TM) 64-Bit Server VM (25.152-b16 mixed mode windows-amd64 compressed oops)
Heap:
 PSYoungGen      total 392704K, used 141941K [0x000000076b780000, 0x0000000784f80000, 0x00000007c0000000)
  eden space 375296K, 34% used [0x000000076b780000,0x00000007734d13e8,0x0000000782600000)
  from space 17408K, 78% used [0x0000000782d80000,0x0000000783acc100,0x0000000783e80000)
  to   space 11776K, 0% used [0x0000000784400000,0x0000000784400000,0x0000000784f80000)
 ParOldGen       total 82944K, used 16869K [0x00000006c2600000, 0x00000006c7700000, 0x000000076b780000)
  object space 82944K, 20% used [0x00000006c2600000,0x00000006c3679698,0x00000006c7700000)
 Metaspace       used 52203K, capacity 54216K, committed 54440K, reserved 1095680K
  class space    used 6961K, capacity 7340K, committed 7344K, reserved 1048576K
GC Heap History (10 events):
Event: 3.817 GC heap before
{Heap before GC invocations=7 (full 1):
 PSYoungGen      total 140800K, used 140788K [0x000000076b780000, 0x000000077b480000, 0x00000007c0000000)
  eden space 130048K, 100% used [0x000000076b780000,0x0000000773680000,0x0000000773680000)
  from space 10752K, 99% used [0x0000000773680000,0x00000007740fd170,0x0000000774100000)
  to   space 13824K, 0% used [0x000000077a700000,0x000000077a700000,0x000000077b480000)
 ParOldGen       total 82944K, used 6360K [0x00000006c2600000, 0x00000006c7700000, 0x000000076b780000)
  object space 82944K, 7% used [0x00000006c2600000,0x00000006c2c360f0,0x00000006c7700000)
 Metaspace       used 33409K, capacity 34470K, committed 34608K, reserved 1079296K
  class space    used 4358K, capacity 4593K, committed 4656K, reserved 1048576K
Event: 3.825 GC heap after
Heap after GC invocations=7 (full 1):
 PSYoungGen      total 240128K, used 13797K [0x000000076b780000, 0x000000077b580000, 0x00000007c0000000)
  eden space 226304K, 0% used [0x000000076b780000,0x000000076b780000,0x0000000779480000)
  from space 13824K, 99% used [0x000000077a700000,0x000000077b4794e8,0x000000077b480000)
  to   space 16896K, 0% used [0x0000000779480000,0x0000000779480000,0x000000077a500000)
 ParOldGen       total 82944K, used 7353K [0x00000006c2600000, 0x00000006c7700000, 0x000000076b780000)
  object space 82944K, 8% used [0x00000006c2600000,0x00000006c2d2e418,0x00000006c7700000)
 Metaspace       used 33409K, capacity 34470K, committed 34608K, reserved 1079296K
  class space    used 4358K, capacity 4593K, committed 4656K, reserved 1048576K
}
Event: 4.077 GC heap before
{Heap before GC invocations=8 (full 1):
 PSYoungGen      total 240128K, used 59348K [0x000000076b780000, 0x000000077b580000, 0x00000007c0000000)
  eden space 226304K, 20% used [0x000000076b780000,0x000000076e3fbeb0,0x0000000779480000)
  from space 13824K, 99% used [0x000000077a700000,0x000000077b4794e8,0x000000077b480000)
  to   space 16896K, 0% used [0x0000000779480000,0x0000000779480000,0x000000077a500000)
 ParOldGen       total 82944K, used 7353K [0x00000006c2600000, 0x00000006c7700000, 0x000000076b780000)
  object space 82944K, 8% used [0x00000006c2600000,0x00000006c2d2e418,0x00000006c7700000)
 Metaspace       used 34361K, capacity 35428K, committed 35496K, reserved 1079296K
  class space    used 4505K, capacity 4760K, committed 4784K, reserved 1048576K
Event: 4.083 GC heap after
Heap after GC invocations=8 (full 1):
 PSYoungGen      total 243200K, used 12236K [0x000000076b780000, 0x0000000785500000, 0x00000007c0000000)
  eden space 226304K, 0% used [0x000000076b780000,0x000000076b780000,0x0000000779480000)
  from space 16896K, 72% used [0x0000000779480000,0x000000077a0732a8,0x000000077a500000)
  to   space 17408K, 0% used [0x0000000784400000,0x0000000784400000,0x0000000785500000)
 ParOldGen       total 82944K, used 7361K [0x00000006c2600000, 0x00000006c7700000, 0x000000076b780000)
  object space 82944K, 8% used [0x00000006c2600000,0x00000006c2d30418,0x00000006c7700000)
 Metaspace       used 34361K, capacity 35428K, committed 35496K, reserved 1079296K
  class space    used 4505K, capacity 4760K, committed 4784K, reserved 1048576K
}
Event: 4.083 GC heap before
{Heap before GC invocations=9 (full 2):
 PSYoungGen      total 243200K, used 12236K [0x000000076b780000, 0x0000000785500000, 0x00000007c0000000)
  eden space 226304K, 0% used [0x000000076b780000,0x000000076b780000,0x0000000779480000)
  from space 16896K, 72% used [0x0000000779480000,0x000000077a0732a8,0x000000077a500000)
  to   space 17408K, 0% used [0x0000000784400000,0x0000000784400000,0x0000000785500000)
 ParOldGen       total 82944K, used 7361K [0x00000006c2600000, 0x00000006c7700000, 0x000000076b780000)
  object space 82944K, 8% used [0x00000006c2600000,0x00000006c2d30418,0x00000006c7700000)
 Metaspace       used 34361K, capacity 35428K, committed 35496K, reserved 1079296K
  class space    used 4505K, capacity 4760K, committed 4784K, reserved 1048576K
Event: 4.117 GC heap after
Heap after GC invocations=9 (full 2):
 PSYoungGen      total 243200K, used 0K [0x000000076b780000, 0x0000000785500000, 0x00000007c0000000)
  eden space 226304K, 0% used [0x000000076b780000,0x000000076b780000,0x0000000779480000)
  from space 16896K, 0% used [0x0000000779480000,0x0000000779480000,0x000000077a500000)
  to   space 17408K, 0% used [0x0000000784400000,0x0000000784400000,0x0000000785500000)
 ParOldGen       total 82944K, used 16853K [0x00000006c2600000, 0x00000006c7700000, 0x000000076b780000)
  object space 82944K, 20% used [0x00000006c2600000,0x00000006c3675698,0x00000006c7700000)
 Metaspace       used 34361K, capacity 35428K, committed 35496K, reserved 1079296K
  class space    used 4505K, capacity 4760K, committed 4784K, reserved 1048576K
}
Event: 5.761 GC heap before
{Heap before GC invocations=10 (full 2):
 PSYoungGen      total 243200K, used 226304K [0x000000076b780000, 0x0000000785500000, 0x00000007c0000000)
  eden space 226304K, 100% used [0x000000076b780000,0x0000000779480000,0x0000000779480000)
  from space 16896K, 0% used [0x0000000779480000,0x0000000779480000,0x000000077a500000)
  to   space 17408K, 0% used [0x0000000784400000,0x0000000784400000,0x0000000785500000)
 ParOldGen       total 82944K, used 16853K [0x00000006c2600000, 0x00000006c7700000, 0x000000076b780000)
  object space 82944K, 20% used [0x00000006c2600000,0x00000006c3675698,0x00000006c7700000)
 Metaspace       used 41536K, capacity 43040K, committed 43176K, reserved 1087488K
  class space    used 5491K, capacity 5800K, committed 5808K, reserved 1048576K
Event: 5.770 GC heap after
Heap after GC invocations=10 (full 2):
 PSYoungGen      total 387072K, used 11520K [0x000000076b780000, 0x0000000784f80000, 0x00000007c0000000)
  eden space 375296K, 0% used [0x000000076b780000,0x000000076b780000,0x0000000782600000)
  from space 11776K, 97% used [0x0000000784400000,0x0000000784f402c0,0x0000000784f80000)
  to   space 17408K, 0% used [0x0000000782d80000,0x0000000782d80000,0x0000000783e80000)
 ParOldGen       total 82944K, used 16861K [0x00000006c2600000, 0x00000006c7700000, 0x000000076b780000)
  object space 82944K, 20% used [0x00000006c2600000,0x00000006c3677698,0x00000006c7700000)
 Metaspace       used 41536K, capacity 43040K, committed 43176K, reserved 1087488K
  class space    used 5491K, capacity 5800K, committed 5808K, reserved 1048576K
}
Event: 7.999 GC heap before
{Heap before GC invocations=11 (full 2):
 PSYoungGen      total 387072K, used 386816K [0x000000076b780000, 0x0000000784f80000, 0x00000007c0000000)
  eden space 375296K, 100% used [0x000000076b780000,0x0000000782600000,0x0000000782600000)
  from space 11776K, 97% used [0x0000000784400000,0x0000000784f402c0,0x0000000784f80000)
  to   space 17408K, 0% used [0x0000000782d80000,0x0000000782d80000,0x0000000783e80000)
 ParOldGen       total 82944K, used 16861K [0x00000006c2600000, 0x00000006c7700000, 0x000000076b780000)
  object space 82944K, 20% used [0x00000006c2600000,0x00000006c3677698,0x00000006c7700000)
 Metaspace       used 46791K, capacity 48858K, committed 49192K, reserved 1091584K
  class space    used 6230K, capacity 6609K, committed 6704K, reserved 1048576K
Event: 8.009 GC heap after
Heap after GC invocations=11 (full 2):
 PSYoungGen      total 392704K, used 13616K [0x000000076b780000, 0x0000000784f80000, 0x00000007c0000000)
  eden space 375296K, 0% used [0x000000076b780000,0x000000076b780000,0x0000000782600000)
  from space 17408K, 78% used [0x0000000782d80000,0x0000000783acc100,0x0000000783e80000)
  to   space 11776K, 0% used [0x0000000784400000,0x0000000784400000,0x0000000784f80000)
 ParOldGen       total 82944K, used 16869K [0x00000006c2600000, 0x00000006c7700000, 0x000000076b780000)
  object space 82944K, 20% used [0x00000006c2600000,0x00000006c3679698,0x00000006c7700000)
 Metaspace       used 46791K, capacity 48858K, committed 49192K, reserved 1091584K
  class space    used 6230K, capacity 6609K, committed 6704K, reserved 1048576K
}

